#
# There is insufficient memory for the Java Runtime Environment to continue.
# Native memory allocation (malloc) failed to allocate 32744 bytes for ChunkPool::allocate
# Possible reasons:
#   The system is out of physical RAM or swap space
#   The process is running with CompressedOops enabled, and the Java Heap may be blocking the growth of the native heap
# Possible solutions:
#   Reduce memory load on the system
#   Increase physical memory or swap space
#   Check if swap backing store is full
#   Decrease Java heap size (-Xmx/-Xms)
#   Decrease number of Java threads
#   Decrease Java thread stack sizes (-Xss)
#   Set larger code cache with -XX:ReservedCodeCacheSize=
#   JVM is running with Unscaled Compressed Oops mode in which the Java heap is
#     placed in the first 4GB address space. The Java Heap base address is the
#     maximum limit for the native heap growth. Please use -XX:HeapBaseMinAddress
#     to set the Java Heap base and to place the Java Heap above 4GB virtual address.
# This output file may be truncated or incomplete.
#
#  Out of Memory Error (allocation.cpp:272), pid=21316, tid=0x00000000000039f4
#
# JRE version: OpenJDK Runtime Environment (8.0_242-b01) (build 1.8.0_242-release-1644-b01)
# Java VM: OpenJDK 64-Bit Server VM (25.242-b01 mixed mode windows-amd64 compressed oops)
# Failed to write core dump. Minidumps are not enabled by default on client versions of Windows
#

---------------  T H R E A D  ---------------

Current thread (0x0000000019f1c800):  JavaThread "C2 CompilerThread2" daemon [_thread_in_native, id=14836, stack(0x000000001a9e0000,0x000000001aae0000)]

Stack: [0x000000001a9e0000,0x000000001aae0000]
[error occurred during error reporting (printing stack bounds), id 0xc0000005]

Native frames: (J=compiled Java code, j=interpreted, Vv=VM code, C=native code)


Current CompileTask:
C2:   1642 1517   !   4       java.net.URLClassLoader$1::run (63 bytes)


---------------  P R O C E S S  ---------------

Java Threads: ( => current thread )
  0x000000001cbe6800 JavaThread "Cache worker for file hash cache (C:\Users\OR\.gradle\caches\6.5\fileHashes)" [_thread_blocked, id=6548, stack(0x000000001ee30000,0x000000001ef30000)]
  0x000000001cbea000 JavaThread "File lock request listener" [_thread_in_native, id=12308, stack(0x000000001ed30000,0x000000001ee30000)]
  0x000000001ca96800 JavaThread "Cache worker for journal cache (C:\Users\OR\.gradle\caches\journal-1)" [_thread_blocked, id=16712, stack(0x000000001ec30000,0x000000001ed30000)]
  0x000000001b0a2800 JavaThread "Thread-9" [_thread_blocked, id=5484, stack(0x000000001e930000,0x000000001ea30000)]
  0x000000001ca73800 JavaThread "Stdin handler" [_thread_blocked, id=12096, stack(0x000000001e830000,0x000000001e930000)]
  0x000000001ca73000 JavaThread "Asynchronous log dispatcher for DefaultDaemonConnection: socket connection from /127.0.0.1:60497 to /127.0.0.1:60498" [_thread_blocked, id=288, stack(0x000000001e730000,0x000000001e830000)]
  0x000000001ca6f000 JavaThread "Daemon worker" [_thread_in_native, id=21308, stack(0x000000001e630000,0x000000001e730000)]
  0x000000001cabc000 JavaThread "Cancel handler" [_thread_blocked, id=7752, stack(0x000000001e530000,0x000000001e630000)]
  0x000000001ca49800 JavaThread "Handler for socket connection from /127.0.0.1:60497 to /127.0.0.1:60498" [_thread_in_native, id=9456, stack(0x000000001e430000,0x000000001e530000)]
  0x000000001c9f3800 JavaThread "Daemon" [_thread_blocked, id=16212, stack(0x000000001e330000,0x000000001e430000)]
  0x000000001c9ef800 JavaThread "Daemon periodic checks" [_thread_blocked, id=17984, stack(0x000000001e030000,0x000000001e130000)]
  0x000000001c9e0000 JavaThread "Incoming local TCP Connector on port 60497" [_thread_in_native, id=12376, stack(0x000000001ddf0000,0x000000001def0000)]
  0x000000001bcb5000 JavaThread "Daemon health stats" [_thread_blocked, id=17924, stack(0x000000001c5b0000,0x000000001c6b0000)]
  0x0000000019ff4000 JavaThread "Service Thread" daemon [_thread_blocked, id=3508, stack(0x000000001abe0000,0x000000001ace0000)]
  0x0000000019f66000 JavaThread "C1 CompilerThread3" daemon [_thread_blocked, id=19280, stack(0x000000001aae0000,0x000000001abe0000)]
=>0x0000000019f1c800 JavaThread "C2 CompilerThread2" daemon [_thread_in_native, id=14836, stack(0x000000001a9e0000,0x000000001aae0000)]
  0x0000000019f17000 JavaThread "C2 CompilerThread1" daemon [_thread_blocked, id=6212, stack(0x000000001a8e0000,0x000000001a9e0000)]
  0x0000000019f14000 JavaThread "C2 CompilerThread0" daemon [_thread_in_native, id=10784, stack(0x000000001a7e0000,0x000000001a8e0000)]
  0x0000000019f12000 JavaThread "Attach Listener" daemon [_thread_blocked, id=17568, stack(0x000000001a6e0000,0x000000001a7e0000)]
  0x0000000019f61800 JavaThread "Signal Dispatcher" daemon [_thread_blocked, id=20160, stack(0x000000001a5e0000,0x000000001a6e0000)]
  0x000000000309e000 JavaThread "Finalizer" daemon [_thread_blocked, id=9196, stack(0x000000001a3e0000,0x000000001a4e0000)]
  0x0000000003097000 JavaThread "Reference Handler" daemon [_thread_blocked, id=16624, stack(0x000000001a2e0000,0x000000001a3e0000)]
  0x0000000002f9d800 JavaThread "main" [_thread_blocked, id=3540, stack(0x0000000002e00000,0x0000000002f00000)]

Other Threads:
  0x0000000018106000 VMThread [stack: 0x0000000019de0000,0x0000000019ee0000] [id=1392]
  0x0000000019f9c000 WatcherThread [stack: 0x000000001ace0000,0x000000001ade0000] [id=16668]

VM state:not at safepoint (normal execution)

VM Mutex/Monitor currently owned by a thread: None

heap address: 0x0000000080000000, size: 2048 MB, Compressed Oops mode: 32-bit
Narrow klass base: 0x0000000000000000, Narrow klass shift: 3
Compressed class space size: 1073741824 Address: 0x0000000100000000

Heap:
 PSYoungGen      total 38400K, used 17664K [0x00000000d5580000, 0x00000000d8000000, 0x0000000100000000)
  eden space 33280K, 37% used [0x00000000d5580000,0x00000000d61c41a8,0x00000000d7600000)
  from space 5120K, 99% used [0x00000000d7b00000,0x00000000d7ffc030,0x00000000d8000000)
  to   space 5120K, 0% used [0x00000000d7600000,0x00000000d7600000,0x00000000d7b00000)
 ParOldGen       total 87552K, used 3870K [0x0000000080000000, 0x0000000085580000, 0x00000000d5580000)
  object space 87552K, 4% used [0x0000000080000000,0x00000000803c7960,0x0000000085580000)
 Metaspace       used 16660K, capacity 17192K, committed 17280K, reserved 1064960K
  class space    used 2223K, capacity 2404K, committed 2432K, reserved 1048576K

Card table byte_map: [0x0000000012460000,0x0000000012870000] byte_map_base: 0x0000000012060000

Marking Bits: (ParMarkBitMap*) 0x000000005b39f030
 Begin Bits: [0x0000000013320000, 0x0000000015320000)
 End Bits:   [0x0000000015320000, 0x0000000017320000)

Polling page: 0x0000000001520000

CodeCache: size=245760Kb used=5456Kb max_used=5456Kb free=240303Kb
 bounds [0x00000000030a0000, 0x0000000003600000, 0x00000000120a0000]
 total_blobs=1912 nmethods=1514 adapters=311
 compilation: enabled

Compilation events (10 events):
Event: 1.609 Thread 0x0000000019f17000 nmethod 1513 0x00000000035ee950 code [0x00000000035eeaa0, 0x00000000035eebd8]
Event: 1.611 Thread 0x0000000019f66000 1514       3       org.gradle.internal.service.DefaultServiceRegistry$OwnServices::getProviders (26 bytes)
Event: 1.611 Thread 0x0000000019f66000 nmethod 1514 0x00000000035ead50 code [0x00000000035eaee0, 0x00000000035eb2a8]
Event: 1.619 Thread 0x0000000019f66000 1516       3       jdk.internal.org.objectweb.asm.Frame::<init> (5 bytes)
Event: 1.619 Thread 0x0000000019f66000 nmethod 1516 0x00000000035ea390 code [0x00000000035ea4e0, 0x00000000035ea690]
Event: 1.628 Thread 0x0000000019f1c800 1517   !   4       java.net.URLClassLoader$1::run (63 bytes)
Event: 1.632 Thread 0x0000000019f66000 1518   !   3       org.gradle.internal.classloader.TransformingClassLoader::findClass (203 bytes)
Event: 1.634 Thread 0x0000000019f66000 nmethod 1518 0x00000000035f4d50 code [0x00000000035f5200, 0x00000000035f7fb8]
Event: 1.634 Thread 0x0000000019f66000 1519       3       org.gradle.initialization.MixInLegacyTypesClassLoader::shouldTransform (42 bytes)
Event: 1.634 Thread 0x0000000019f66000 nmethod 1519 0x00000000035f1110 code [0x00000000035f12a0, 0x00000000035f16f8]

GC Heap History (8 events):
Event: 0.591 GC heap before
{Heap before GC invocations=1 (full 0):
 PSYoungGen      total 38400K, used 33280K [0x00000000d5580000, 0x00000000d8000000, 0x0000000100000000)
  eden space 33280K, 100% used [0x00000000d5580000,0x00000000d7600000,0x00000000d7600000)
  from space 5120K, 0% used [0x00000000d7b00000,0x00000000d7b00000,0x00000000d8000000)
  to   space 5120K, 0% used [0x00000000d7600000,0x00000000d7600000,0x00000000d7b00000)
 ParOldGen       total 87552K, used 0K [0x0000000080000000, 0x0000000085580000, 0x00000000d5580000)
  object space 87552K, 0% used [0x0000000080000000,0x0000000080000000,0x0000000085580000)
 Metaspace       used 7580K, capacity 7848K, committed 8064K, reserved 1056768K
  class space    used 933K, capacity 1039K, committed 1152K, reserved 1048576K
Event: 0.596 GC heap after
Heap after GC invocations=1 (full 0):
 PSYoungGen      total 38400K, used 4606K [0x00000000d5580000, 0x00000000d8000000, 0x0000000100000000)
  eden space 33280K, 0% used [0x00000000d5580000,0x00000000d5580000,0x00000000d7600000)
  from space 5120K, 89% used [0x00000000d7600000,0x00000000d7a7f860,0x00000000d7b00000)
  to   space 5120K, 0% used [0x00000000d7b00000,0x00000000d7b00000,0x00000000d8000000)
 ParOldGen       total 87552K, used 16K [0x0000000080000000, 0x0000000085580000, 0x00000000d5580000)
  object space 87552K, 0% used [0x0000000080000000,0x0000000080004000,0x0000000085580000)
 Metaspace       used 7580K, capacity 7848K, committed 8064K, reserved 1056768K
  class space    used 933K, capacity 1039K, committed 1152K, reserved 1048576K
}
Event: 0.836 GC heap before
{Heap before GC invocations=2 (full 0):
 PSYoungGen      total 38400K, used 37886K [0x00000000d5580000, 0x00000000d8000000, 0x0000000100000000)
  eden space 33280K, 100% used [0x00000000d5580000,0x00000000d7600000,0x00000000d7600000)
  from space 5120K, 89% used [0x00000000d7600000,0x00000000d7a7f860,0x00000000d7b00000)
  to   space 5120K, 0% used [0x00000000d7b00000,0x00000000d7b00000,0x00000000d8000000)
 ParOldGen       total 87552K, used 16K [0x0000000080000000, 0x0000000085580000, 0x00000000d5580000)
  object space 87552K, 0% used [0x0000000080000000,0x0000000080004000,0x0000000085580000)
 Metaspace       used 7834K, capacity 8160K, committed 8320K, reserved 1056768K
  class space    used 961K, capacity 1079K, committed 1152K, reserved 1048576K
Event: 0.839 GC heap after
Heap after GC invocations=2 (full 0):
 PSYoungGen      total 38400K, used 3457K [0x00000000d5580000, 0x00000000d8000000, 0x0000000100000000)
  eden space 33280K, 0% used [0x00000000d5580000,0x00000000d5580000,0x00000000d7600000)
  from space 5120K, 67% used [0x00000000d7b00000,0x00000000d7e605e8,0x00000000d8000000)
  to   space 5120K, 0% used [0x00000000d7600000,0x00000000d7600000,0x00000000d7b00000)
 ParOldGen       total 87552K, used 24K [0x0000000080000000, 0x0000000085580000, 0x00000000d5580000)
  object space 87552K, 0% used [0x0000000080000000,0x0000000080006000,0x0000000085580000)
 Metaspace       used 7834K, capacity 8160K, committed 8320K, reserved 1056768K
  class space    used 961K, capacity 1079K, committed 1152K, reserved 1048576K
}
Event: 1.317 GC heap before
{Heap before GC invocations=3 (full 0):
 PSYoungGen      total 38400K, used 36737K [0x00000000d5580000, 0x00000000d8000000, 0x0000000100000000)
  eden space 33280K, 100% used [0x00000000d5580000,0x00000000d7600000,0x00000000d7600000)
  from space 5120K, 67% used [0x00000000d7b00000,0x00000000d7e605e8,0x00000000d8000000)
  to   space 5120K, 0% used [0x00000000d7600000,0x00000000d7600000,0x00000000d7b00000)
 ParOldGen       total 87552K, used 24K [0x0000000080000000, 0x0000000085580000, 0x00000000d5580000)
  object space 87552K, 0% used [0x0000000080000000,0x0000000080006000,0x0000000085580000)
 Metaspace       used 12235K, capacity 12584K, committed 12800K, reserved 1060864K
  class space    used 1628K, capacity 1730K, committed 1792K, reserved 1048576K
Event: 1.321 GC heap after
Heap after GC invocations=3 (full 0):
 PSYoungGen      total 38400K, used 5088K [0x00000000d5580000, 0x00000000d8000000, 0x0000000100000000)
  eden space 33280K, 0% used [0x00000000d5580000,0x00000000d5580000,0x00000000d7600000)
  from space 5120K, 99% used [0x00000000d7600000,0x00000000d7af8020,0x00000000d7b00000)
  to   space 5120K, 0% used [0x00000000d7b00000,0x00000000d7b00000,0x00000000d8000000)
 ParOldGen       total 87552K, used 1300K [0x0000000080000000, 0x0000000085580000, 0x00000000d5580000)
  object space 87552K, 1% used [0x0000000080000000,0x0000000080145108,0x0000000085580000)
 Metaspace       used 12235K, capacity 12584K, committed 12800K, reserved 1060864K
  class space    used 1628K, capacity 1730K, committed 1792K, reserved 1048576K
}
Event: 1.535 GC heap before
{Heap before GC invocations=4 (full 0):
 PSYoungGen      total 38400K, used 38368K [0x00000000d5580000, 0x00000000d8000000, 0x0000000100000000)
  eden space 33280K, 100% used [0x00000000d5580000,0x00000000d7600000,0x00000000d7600000)
  from space 5120K, 99% used [0x00000000d7600000,0x00000000d7af8020,0x00000000d7b00000)
  to   space 5120K, 0% used [0x00000000d7b00000,0x00000000d7b00000,0x00000000d8000000)
 ParOldGen       total 87552K, used 1300K [0x0000000080000000, 0x0000000085580000, 0x00000000d5580000)
  object space 87552K, 1% used [0x0000000080000000,0x0000000080145108,0x0000000085580000)
 Metaspace       used 15485K, capacity 16048K, committed 16384K, reserved 1062912K
  class space    used 2041K, capacity 2192K, committed 2304K, reserved 1048576K
Event: 1.541 GC heap after
Heap after GC invocations=4 (full 0):
 PSYoungGen      total 38400K, used 5104K [0x00000000d5580000, 0x00000000d8000000, 0x0000000100000000)
  eden space 33280K, 0% used [0x00000000d5580000,0x00000000d5580000,0x00000000d7600000)
  from space 5120K, 99% used [0x00000000d7b00000,0x00000000d7ffc030,0x00000000d8000000)
  to   space 5120K, 0% used [0x00000000d7600000,0x00000000d7600000,0x00000000d7b00000)
 ParOldGen       total 87552K, used 3870K [0x0000000080000000, 0x0000000085580000, 0x00000000d5580000)
  object space 87552K, 4% used [0x0000000080000000,0x00000000803c7960,0x0000000085580000)
 Metaspace       used 15485K, capacity 16048K, committed 16384K, reserved 1062912K
  class space    used 2041K, capacity 2192K, committed 2304K, reserved 1048576K
}

Deoptimization events (10 events):
Event: 1.312 Thread 0x000000001ca6f000 Uncommon trap: reason=bimorphic action=maybe_recompile pc=0x0000000003358dd0 method=java.util.HashMap.putVal(ILjava/lang/Object;Ljava/lang/Object;ZZ)Ljava/lang/Object; @ 253
Event: 1.312 Thread 0x000000001ca6f000 Uncommon trap: reason=bimorphic action=maybe_recompile pc=0x0000000003358dd0 method=java.util.HashMap.putVal(ILjava/lang/Object;Ljava/lang/Object;ZZ)Ljava/lang/Object; @ 253
Event: 1.312 Thread 0x000000001ca6f000 Uncommon trap: reason=bimorphic action=maybe_recompile pc=0x0000000003358dd0 method=java.util.HashMap.putVal(ILjava/lang/Object;Ljava/lang/Object;ZZ)Ljava/lang/Object; @ 253
Event: 1.313 Thread 0x000000001ca6f000 Uncommon trap: reason=bimorphic action=maybe_recompile pc=0x0000000003358dd0 method=java.util.HashMap.putVal(ILjava/lang/Object;Ljava/lang/Object;ZZ)Ljava/lang/Object; @ 253
Event: 1.458 Thread 0x000000001ca6f000 Uncommon trap: reason=class_check action=maybe_recompile pc=0x00000000033bedd8 method=java.util.regex.Matcher.match(II)Z @ 86
Event: 1.466 Thread 0x000000001ca6f000 Uncommon trap: reason=class_check action=maybe_recompile pc=0x00000000033bedd8 method=java.util.regex.Matcher.match(II)Z @ 86
Event: 1.467 Thread 0x000000001ca6f000 Uncommon trap: reason=class_check action=maybe_recompile pc=0x00000000033bedd8 method=java.util.regex.Matcher.match(II)Z @ 86
Event: 1.467 Thread 0x000000001ca6f000 Uncommon trap: reason=class_check action=maybe_recompile pc=0x000000000325308c method=java.util.regex.Matcher.match(II)Z @ 86
Event: 1.530 Thread 0x000000001ca6f000 Uncommon trap: reason=unstable_if action=reinterpret pc=0x00000000033c441c method=java.io.File.getName()Ljava/lang/String; @ 16
Event: 1.530 Thread 0x000000001ca6f000 Uncommon trap: reason=unstable_if action=reinterpret pc=0x00000000033c6a14 method=java.lang.String.substring(I)Ljava/lang/String; @ 35

Classes redefined (0 events):
No events

Internal exceptions (10 events):
Event: 1.282 Thread 0x000000001ca49800 Exception <a 'java/lang/NoSuchMethodError': <clinit>> (0x00000000d7361508) thrown at [C:\src\AOSP-openjdk-git\hotspot\src\share\vm\prims\jni.cpp, line 1615]
Event: 1.283 Thread 0x000000001ca49800 Exception <a 'java/lang/NoSuchMethodError': <clinit>> (0x00000000d736ac10) thrown at [C:\src\AOSP-openjdk-git\hotspot\src\share\vm\prims\jni.cpp, line 1615]
Event: 1.284 Thread 0x000000001ca49800 Exception <a 'java/lang/NoSuchMethodError': <clinit>> (0x00000000d737f1b8) thrown at [C:\src\AOSP-openjdk-git\hotspot\src\share\vm\prims\jni.cpp, line 1615]
Event: 1.290 Thread 0x000000001ca49800 Exception <a 'java/lang/NoSuchMethodError': <clinit>> (0x00000000d73ec880) thrown at [C:\src\AOSP-openjdk-git\hotspot\src\share\vm\prims\jni.cpp, line 1615]
Event: 1.293 Thread 0x000000001ca49800 Exception <a 'java/lang/NoSuchMethodError': <clinit>> (0x00000000d7426df8) thrown at [C:\src\AOSP-openjdk-git\hotspot\src\share\vm\prims\jni.cpp, line 1615]
Event: 1.296 Thread 0x000000001ca49800 Exception <a 'java/lang/NoSuchMethodError': <clinit>> (0x00000000d745c9c0) thrown at [C:\src\AOSP-openjdk-git\hotspot\src\share\vm\prims\jni.cpp, line 1615]
Event: 1.297 Thread 0x000000001ca49800 Exception <a 'java/lang/NoSuchMethodError': <clinit>> (0x00000000d7468ef0) thrown at [C:\src\AOSP-openjdk-git\hotspot\src\share\vm\prims\jni.cpp, line 1615]
Event: 1.560 Thread 0x000000001ca6f000 Exception <a 'java/lang/NoSuchMethodError': java.lang.Object.lambda$and$0(Ljava/util/function/Predicate;Ljava/lang/Object;)Z> (0x00000000d56d4448) thrown at [C:\src\AOSP-openjdk-git\hotspot\src\share\vm\interpreter\linkResolver.cpp, line 620]
Event: 1.567 Thread 0x000000001ca6f000 Exception <a 'java/lang/IncompatibleClassChangeError': Found class java.lang.Object, but interface was expected> (0x00000000d56fb5a0) thrown at [C:\src\AOSP-openjdk-git\hotspot\src\share\vm\interpreter\linkResolver.cpp, line 653]
Event: 1.569 Thread 0x000000001ca6f000 Exception <a 'java/lang/NoSuchMethodError': java.lang.Object.lambda$or$2(Ljava/util/function/Predicate;Ljava/lang/Object;)Z> (0x00000000d57000f0) thrown at [C:\src\AOSP-openjdk-git\hotspot\src\share\vm\interpreter\linkResolver.cpp, line 620]

Events (10 events):
Event: 1.640 loading class org/gradle/api/internal/artifacts/ivyservice/ivyresolve/verification/DependencyVerificationOverride
Event: 1.640 loading class org/gradle/api/internal/artifacts/ivyservice/ivyresolve/verification/DependencyVerificationOverride done
Event: 1.641 loading class org/gradle/internal/verifier/HttpRedirectVerifier
Event: 1.641 loading class org/gradle/internal/verifier/HttpRedirectVerifier done
Event: 1.641 loading class org/gradle/internal/resolve/caching/ComponentMetadataSupplierRuleExecutor
Event: 1.641 loading class org/gradle/internal/resolve/caching/ComponentMetadataSupplierRuleExecutor done
Event: 1.641 loading class org/gradle/internal/resource/local/LocallyAvailableResourceFinder
Event: 1.641 loading class org/gradle/internal/resource/local/LocallyAvailableResourceFinder done
Event: 1.641 loading class org/gradle/api/internal/artifacts/ivyservice/resolveengine/excludes/ModuleExclusions
Event: 1.641 loading class org/gradle/api/internal/artifacts/ivyservice/resolveengine/excludes/ModuleExclusions done


Dynamic libraries:
0x00007ff6c0ce0000 - 0x00007ff6c0d11000 	C:\Program Files\Android\Android Studio\jre\bin\java.exe
0x00007ffc6b690000 - 0x00007ffc6b885000 	C:\WINDOWS\SYSTEM32\ntdll.dll
0x00007ffc49740000 - 0x00007ffc49753000 	C:\Program Files\AVAST Software\Avast\aswhook.dll
0x00007ffc69790000 - 0x00007ffc6984d000 	C:\WINDOWS\System32\KERNEL32.DLL
0x00007ffc69140000 - 0x00007ffc69408000 	C:\WINDOWS\System32\KERNELBASE.dll
0x00007ffc6b5a0000 - 0x00007ffc6b64c000 	C:\WINDOWS\System32\ADVAPI32.dll
0x00007ffc696f0000 - 0x00007ffc6978e000 	C:\WINDOWS\System32\msvcrt.dll
0x00007ffc6b300000 - 0x00007ffc6b39b000 	C:\WINDOWS\System32\sechost.dll
0x00007ffc6a3c0000 - 0x00007ffc6a4eb000 	C:\WINDOWS\System32\RPCRT4.dll
0x00007ffc69c90000 - 0x00007ffc69e30000 	C:\WINDOWS\System32\USER32.dll
0x00007ffc69560000 - 0x00007ffc69582000 	C:\WINDOWS\System32\win32u.dll
0x00007ffc69e40000 - 0x00007ffc69e6a000 	C:\WINDOWS\System32\GDI32.dll
0x00007ffc68f60000 - 0x00007ffc6906b000 	C:\WINDOWS\System32\gdi32full.dll
0x00007ffc69410000 - 0x00007ffc694ad000 	C:\WINDOWS\System32\msvcp_win.dll
0x00007ffc68dd0000 - 0x00007ffc68ed0000 	C:\WINDOWS\System32\ucrtbase.dll
0x00007ffc521c0000 - 0x00007ffc5245a000 	C:\WINDOWS\WinSxS\amd64_microsoft.windows.common-controls_6595b64144ccf1df_6.0.19041.844_none_ca00b6081b84eb1d\COMCTL32.dll
0x00007ffc6b2d0000 - 0x00007ffc6b300000 	C:\WINDOWS\System32\IMM32.DLL
0x000000005a1a0000 - 0x000000005a272000 	C:\Program Files\Android\Android Studio\jre\jre\bin\msvcr100.dll
0x000000005abd0000 - 0x000000005b41b000 	C:\Program Files\Android\Android Studio\jre\jre\bin\server\jvm.dll
0x00007ffc69e30000 - 0x00007ffc69e38000 	C:\WINDOWS\System32\PSAPI.DLL
0x00007ffc5a500000 - 0x00007ffc5a509000 	C:\WINDOWS\SYSTEM32\WSOCK32.dll
0x00007ffc5b6e0000 - 0x00007ffc5b707000 	C:\WINDOWS\SYSTEM32\WINMM.dll
0x00007ffc6b020000 - 0x00007ffc6b08b000 	C:\WINDOWS\System32\WS2_32.dll
0x00007ffc61b60000 - 0x00007ffc61b6a000 	C:\WINDOWS\SYSTEM32\VERSION.dll
0x00007ffc64030000 - 0x00007ffc6403f000 	C:\Program Files\Android\Android Studio\jre\jre\bin\verify.dll
0x00007ffc5e480000 - 0x00007ffc5e4a9000 	C:\Program Files\Android\Android Studio\jre\jre\bin\java.dll
0x00007ffc63f00000 - 0x00007ffc63f16000 	C:\Program Files\Android\Android Studio\jre\jre\bin\zip.dll
0x00007ffc6a8d0000 - 0x00007ffc6b012000 	C:\WINDOWS\System32\SHELL32.dll
0x00007ffc66f40000 - 0x00007ffc676d0000 	C:\WINDOWS\SYSTEM32\windows.storage.dll
0x00007ffc69930000 - 0x00007ffc69c85000 	C:\WINDOWS\System32\combase.dll
0x00007ffc68840000 - 0x00007ffc6886c000 	C:\WINDOWS\SYSTEM32\Wldp.dll
0x00007ffc69e80000 - 0x00007ffc69f2e000 	C:\WINDOWS\System32\SHCORE.dll
0x00007ffc6a5b0000 - 0x00007ffc6a605000 	C:\WINDOWS\System32\shlwapi.dll
0x00007ffc68d10000 - 0x00007ffc68d2f000 	C:\WINDOWS\SYSTEM32\profapi.dll
0x00007ffc63e10000 - 0x00007ffc63e2a000 	C:\Program Files\Android\Android Studio\jre\jre\bin\net.dll
0x00007ffc685b0000 - 0x00007ffc6861a000 	C:\WINDOWS\system32\mswsock.dll
0x00007ffc54de0000 - 0x00007ffc54df3000 	C:\Program Files\Android\Android Studio\jre\jre\bin\nio.dll
0x00007ffc53450000 - 0x00007ffc53477000 	C:\Users\OR\.gradle\native\f6784746aeab05261644944871eae4fe03e0ef1612fff0a4a95f87b438bc6780\windows-amd64\native-platform.dll
0x00007ffc63f80000 - 0x00007ffc63f8d000 	C:\Program Files\Android\Android Studio\jre\jre\bin\management.dll
0x00007ffc68780000 - 0x00007ffc68798000 	C:\WINDOWS\SYSTEM32\CRYPTSP.dll
0x00007ffc67ee0000 - 0x00007ffc67f14000 	C:\WINDOWS\system32\rsaenh.dll
0x00007ffc68f30000 - 0x00007ffc68f57000 	C:\WINDOWS\System32\bcrypt.dll
0x00007ffc68cd0000 - 0x00007ffc68cfe000 	C:\WINDOWS\SYSTEM32\USERENV.dll
0x00007ffc69070000 - 0x00007ffc690f0000 	C:\WINDOWS\System32\bcryptprimitives.dll
0x00007ffc687a0000 - 0x00007ffc687ac000 	C:\WINDOWS\SYSTEM32\CRYPTBASE.dll
0x00007ffc68250000 - 0x00007ffc6828b000 	C:\WINDOWS\SYSTEM32\IPHLPAPI.DLL
0x00007ffc69e70000 - 0x00007ffc69e78000 	C:\WINDOWS\System32\NSI.dll
0x00007ffc619d0000 - 0x00007ffc619e7000 	C:\WINDOWS\SYSTEM32\dhcpcsvc6.DLL
0x00007ffc61960000 - 0x00007ffc6197d000 	C:\WINDOWS\SYSTEM32\dhcpcsvc.DLL
0x00007ffc68290000 - 0x00007ffc6835c000 	C:\WINDOWS\SYSTEM32\DNSAPI.dll
0x00007ffc61b70000 - 0x00007ffc61b7b000 	C:\WINDOWS\SYSTEM32\WINNSI.DLL

VM Arguments:
jvm_args: -Xmx2048m -Dfile.encoding=UTF-8 -Duser.country=IL -Duser.language=iw -Duser.variant 
java_command: org.gradle.launcher.daemon.bootstrap.GradleDaemon 6.5
java_class_path (initial): C:\Users\OR\.gradle\wrapper\dists\gradle-6.5-bin\6nifqtx7604sqp1q6g8wikw7p\gradle-6.5\lib\gradle-launcher-6.5.jar
Launcher Type: SUN_STANDARD

Environment Variables:
PATH=C:\Program Files\Common Files\Oracle\Java\javapath;C:\Windows\system32;C:\Windows;C:\Windows\System32\Wbem;C:\Windows\System32\WindowsPowerShell\v1.0\;C:\Program Files (x86)\NVIDIA Corporation\PhysX\Common;C:\Program Files\dotnet\;C:\WINDOWS\system32;C:\WINDOWS;C:\WINDOWS\System32\Wbem;C:\WINDOWS\System32\WindowsPowerShell\v1.0\;C:\WINDOWS\System32\OpenSSH\;C:\Program Files\Git\cmd;C:\Program Files\MySQL\MySQL Shell 8.0\bin\;C:\Users\OR\AppData\Local\Microsoft\WindowsApps;C:\Users\OR\.dotnet\tools;
USERNAME=OR
OS=Windows_NT
PROCESSOR_IDENTIFIER=Intel64 Family 6 Model 94 Stepping 3, GenuineIntel



---------------  S Y S T E M  ---------------

OS: Windows 10.0 , 64 bit Build 19041 (10.0.19041.928)

CPU:total 8 (initial active 8) (4 cores per cpu, 2 threads per core) family 6 model 94 stepping 3, cmov, cx8, fxsr, mmx, sse, sse2, sse3, ssse3, sse4.1, sse4.2, popcnt, avx, avx2, aes, clmul, erms, rtm, 3dnowpref, lzcnt, ht, tsc, tscinvbit, bmi1, bmi2, adx

Memory: 4k page, physical 8330756k(578396k free), swap 33496580k(5132k free)

vm_info: OpenJDK 64-Bit Server VM (25.242-b01) for windows-amd64 JRE (1.8.0_242-release-1644-b01), built by "builder" with MS VC++ 10.0 (VS2010)

time: Sat Jun 19 10:05:43 2021
timezone: שעון קיץ ירושלים
elapsed time: 1 seconds (0d 0h 0m 1s)

